Fetching https://docs.polymarket.com/changelog ...
Latest entry: 'Apr 21, 2026'  title: None
No new entries.
Telegram message sent.
State saved → /home/parison/trading-swarm/brain/polymarket_changelog_state.json
Fetching https://docs.polymarket.com/changelog ...
Latest entry: 'Apr 28, 2026'  title: None
New entry detected: Apr 28, 2026
Telegram message sent.
State saved → /home/parison/trading-swarm/brain/polymarket_changelog_state.json
[2026-05-11T07:30:01Z] Starting polymarket-changelog-monitor
Fetching https://docs.polymarket.com/changelog ...
Latest entry: 'Apr 28, 2026'  title: None
No new entries.
Telegram message sent.
State saved → /home/parison/trading-swarm/brain/polymarket_changelog_state.json
[2026-05-11T07:30:03Z] Finished polymarket-changelog-monitor (exit: 0)
[2026-05-18T07:30:01Z] Starting polymarket-changelog-monitor
Fetching https://docs.polymarket.com/changelog ...
Latest entry: 'May 14, 2026'  title: None
Gamma API filter BROKEN — requested 0xb8c1bd30… but got 0x1fad72fa…
New entry detected: May 14, 2026
Telegram message sent.
State saved → /home/parison/trading-swarm/brain/polymarket_changelog_state.json
[2026-05-18T07:30:06Z] Finished polymarket-changelog-monitor (exit: 0)
[2026-05-25T07:30:01Z] Starting polymarket-changelog-monitor
Fetching https://docs.polymarket.com/changelog ...
Latest entry: 'May 18, 2026'  title: None
Gamma API filter BROKEN — requested 0xb8c1bd30… but got 0x1fad72fa…
New entry detected: May 18, 2026
Telegram message sent.
State saved → /home/parison/trading-swarm/brain/polymarket_changelog_state.json
[2026-05-25T07:30:06Z] Finished polymarket-changelog-monitor (exit: 0)
[2026-06-01T07:30:01Z] Starting polymarket-changelog-monitor
Fetching https://docs.polymarket.com/changelog ...
Latest entry: 'May 18, 2026'  title: None
Gamma API filter BROKEN — requested 0xb8c1bd30… but got 0x1fad72fa…
No new entries.
Telegram message sent.
State saved → /home/parison/trading-swarm/brain/polymarket_changelog_state.json
[2026-06-01T07:30:06Z] Finished polymarket-changelog-monitor (exit: 0)
[2026-06-08T07:30:01Z] Starting polymarket-changelog-monitor
Fetching https://docs.polymarket.com/changelog ...
Latest entry: 'Jun 1, 2026'  title: None
Gamma API filter BROKEN — requested 0xb8c1bd30… but got 0x1fad72fa…
New entry detected: Jun 1, 2026
Telegram message sent.
State saved → /home/parison/trading-swarm/brain/polymarket_changelog_state.json
[2026-06-08T07:30:07Z] Finished polymarket-changelog-monitor (exit: 0)
[2026-06-15T07:30:01Z] Starting polymarket-changelog-monitor
Fetching https://docs.polymarket.com/changelog ...
Latest entry: 'Jun 1, 2026'  title: None
Gamma API filter BROKEN — requested 0xb8c1bd30… but got 0x1fad72fa…
No new entries.
Telegram message sent.
State saved → /home/parison/trading-swarm/brain/polymarket_changelog_state.json
[2026-06-15T07:30:06Z] Finished polymarket-changelog-monitor (exit: 0)
[2026-06-22T07:30:01Z] Starting polymarket-changelog-monitor
Fetching https://docs.polymarket.com/changelog ...
Latest entry: 'Jun 15, 2026'  title: None
Gamma API filter BROKEN — requested 0xb8c1bd30… but got 0x1fad72fa…
New entry detected: Jun 15, 2026
Telegram message sent.
State saved → /home/parison/trading-swarm/brain/polymarket_changelog_state.json
[2026-06-22T07:30:06Z] Finished polymarket-changelog-monitor (exit: 0)
[2026-06-29T07:30:01Z] Starting polymarket-changelog-monitor
Fetching https://docs.polymarket.com/changelog ...
Latest entry: 'Jun 25, 2026'  title: None
Gamma API filter BROKEN — requested 0xb8c1bd30… but got 0x1fad72fa…
New entry detected: Jun 25, 2026
Telegram message sent.
State saved → /home/parison/trading-swarm/brain/polymarket_changelog_state.json
[2026-06-29T07:30:06Z] Finished polymarket-changelog-monitor (exit: 0)
[2026-07-06T07:30:01Z] Starting polymarket-changelog-monitor
Fetching https://docs.polymarket.com/changelog ...
Latest entry: 'Jul 2, 2026'  title: None
Gamma API filter BROKEN — requested 0xb8c1bd30… but got 0x1fad72fa…
New entry detected: Jul 2, 2026
Telegram message sent.
State saved → /home/parison/trading-swarm/brain/polymarket_changelog_state.json
[2026-07-06T07:30:06Z] Finished polymarket-changelog-monitor (exit: 0)
[2026-07-13T07:30:01Z] Starting polymarket-changelog-monitor
Fetching https://docs.polymarket.com/changelog ...
Latest entry: 'Jul 10, 2026'  title: None
Gamma API filter BROKEN — requested 0xb8c1bd30… but got 0x1fad72fa…
New entry detected: Jul 10, 2026
Telegram message sent.
State saved → /home/parison/trading-swarm/brain/polymarket_changelog_state.json
[2026-07-13T07:30:07Z] Finished polymarket-changelog-monitor (exit: 0)
