[LEGEND] Starting legendary positions scan...
[STALE] 154 overdue open market(s) — checking Gamma API...
  Checking: Will Rafael López Aliaga win the 2026 Peruvian presidential election? (end 2026-06-07)
    → Not yet resolved on Gamma
  Checking: Will Keiko Fujimori win the 2026 Peruvian presidential election? (end 2026-06-07)
    → Not yet resolved on Gamma
  Checking: Will Jorge Nieto win the 2026 Peruvian presidential election? (end 2026-06-07)
    → Not yet resolved on Gamma
  Checking: Will Roberto Sánchez Palomino win the 2026 Peruvian presidential elect (end 2026-06-07)
    → Not yet resolved on Gamma
  Checking: Will Sorin Grindeanu be the next Prime Minister of Romania? (end 2026-05-31)
    → Not yet resolved on Gamma
  Checking: Will Ilie Bolojan be the next Prime Minister of Romania? (end 2026-05-31)
    → Not yet resolved on Gamma
  Checking: Will Donald Trump announce that the United States blockade of the Stra (end 2026-05-15)
    → Not yet resolved on Gamma
  Checking: Will Vivek Ramaswamy win the Ohio Governor Republican Primary Election (end 2026-05-05)
    → Not yet resolved on Gamma
  Checking: Iran agrees to unrestricted shipping through Hormuz in April? (end 2026-04-30)
    → Not yet resolved on Gamma
  Checking: Will Russia capture Havrylivka by April 30, 2026? (end 2026-04-30)
    → Not yet resolved on Gamma
  Checking: Will Trump agree to unfreeze Iranian assets in April? (end 2026-04-30)
    → Not yet resolved on Gamma
  Checking: Will Donald Trump announce that the United States blockade of the Stra (end 2026-04-30)
    → Not yet resolved on Gamma
  Checking: US x Iran diplomatic meeting by April 23, 2026? (end 2026-04-23)
    → Not yet resolved on Gamma
  Checking: US x Iran diplomatic meeting by April 21, 2026? (end 2026-04-21)
    → Not yet resolved on Gamma
  Checking: Will Roberto Sánchez Palomino finish in second place in the first roun (end 2026-04-12)
    → Not yet resolved on Gamma
  Checking: Will Fidesz–KDNP win the most national list votes in the 2026 Hungaria (end 2026-04-12)
    → Not yet resolved on Gamma
  Checking: Will the US officially declare war on Iran by March 31, 2026? (end 2026-03-31)
    → Not yet resolved on Gamma
  Checking: Trump invokes War Powers against Iran by March 31, 2026? (end 2026-03-31)
    → Not yet resolved on Gamma
  Checking: Will Martine Vassal win the Marseille mayor election? (end 2026-03-22)
    → Not yet resolved on Gamma
  Checking: Will Iran strike Qatar in March? (end 2026-03-07)
    → Not yet resolved on Gamma
  Checking: Will Russia enter Ternuvate again by February 28? (end 2026-02-28)
    → Not yet resolved on Gamma
  Checking: Will Russia enter Kupiansk-Vuzlovyi by February 28? (end 2026-02-28)
    → Not yet resolved on Gamma
  Checking: Will the Bhumjaithai Party (BJT) win between 100 and 109 seats in the  (end 2026-02-08)
    → Not yet resolved on Gamma
  Checking: Will People’s Party (PPLE) win the most seats in the 2026 Thai legisla (end 2026-02-08)
    → Not yet resolved on Gamma
  Checking: Will any presidential candidate win outright in the first round of Cos (end 2026-02-01)
    → Not yet resolved on Gamma
  Checking: Will Russia enter Toretske by January 15? (end 2026-01-31)
    → Not yet resolved on Gamma
  Checking: Ukraine recognizes Russian sovereignty over its territory by June 30,  (end 2025-12-31)
    → Not yet resolved on Gamma
  Checking: Will Zelensky wear suit next Trump meeting? (end 2025-12-31)
    → UPDATED: resolved=1, winning_outcome=No
  Checking: Ukraine election called by March 31, 2026? (end 2025-12-31)
    → UPDATED: resolved=1, winning_outcome=No
  Checking: Will Donald Trump be TIME's Person of the Year for 2025? (end 2025-12-31)
    → UPDATED: resolved=1, winning_outcome=No
  Checking: Will Donald Trump visit Israel in 2025? (end 2025-12-31)
    → UPDATED: resolved=1, winning_outcome=Yes
  Checking: Will Donald Trump visit France in 2025? (end 2025-12-31)
    → UPDATED: resolved=1, winning_outcome=No
  Checking: Will Trump visit Gaza by Dec 31? (end 2025-12-31)
    → UPDATED: resolved=1, winning_outcome=No
  Checking: Will Russia capture all of Vovchansk by December 31? (end 2025-12-31)
    → UPDATED: resolved=1, winning_outcome=No
  Checking: Will Thierry Beaudet be the next Prime Minister of France? (end 2025-12-31)
    → UPDATED: resolved=1, winning_outcome=No
  Checking: Will Trump jail Elon Musk? (end 2025-12-31)
    → UPDATED: resolved=1, winning_outcome=No
  Checking: Will Olivier Faure be the next Prime Minister of France? (end 2025-12-31)
    → UPDATED: resolved=1, winning_outcome=No
  Checking: Trump, Putin, and Zelensky meet together by December 31? (end 2025-12-31)
    → UPDATED: resolved=1, winning_outcome=No
  Checking: Will Russia capture all of Vovchansk by November 30? (end 2025-12-31)
    → UPDATED: resolved=1, winning_outcome=No
  Checking: Will the Government shutdown end by January 31? (end 2025-12-31)
    → UPDATED: resolved=1, winning_outcome=Yes
  Checking: Nothing Ever Happens: Russia Edition (end 2025-12-31)
    → UPDATED: resolved=1, winning_outcome=Yes
  Checking: Ukraine Tomahawk missile strike by December 31? (end 2025-12-31)
    → UPDATED: resolved=1, winning_outcome=No
  Checking: Will the Iranian regime fall in 2025? (end 2025-12-31)
    → UPDATED: resolved=1, winning_outcome=No
  Checking: Israel strikes Iran before 2026? (end 2025-12-31)
    → UPDATED: resolved=1, winning_outcome=No
  Checking: Ukraine officially agrees to a US backed ceasefire framework by Decemb (end 2025-12-31)
    → UPDATED: resolved=1, winning_outcome=No
  Checking: Another US military action against Iran before 2026? (end 2025-12-31)
    → UPDATED: resolved=1, winning_outcome=No
  Checking: Will Trump meet with Putin by December 31? (end 2025-12-31)
    → UPDATED: resolved=1, winning_outcome=No
  Checking: Ukraine election held by June 30, 2026? (end 2025-12-31)
    → Not yet resolved on Gamma
  Checking: NATO/EU troops fighting in Ukraine in June 30, 2026? (end 2025-12-31)
    → Not yet resolved on Gamma
  Checking: Will Trump meet with Zelenskyy by December 31? (end 2025-12-31)
    → UPDATED: resolved=1, winning_outcome=Yes
  Checking: Will Catherine Vautrin be the next Prime Minister of France? (end 2025-12-31)
    → UPDATED: resolved=1, winning_outcome=No
  Checking: Will Russia capture Siversk by December 22? (end 2025-12-22)
    → UPDATED: resolved=1, winning_outcome=Yes
  Checking: Will Catalin Drula be the next Mayor of Bucharest? (end 2025-12-07)
    → UPDATED: resolved=1, winning_outcome=No
  Checking: Will Russia capture all of Myrnohrad by November 30? (end 2025-11-30)
    → UPDATED: resolved=1, winning_outcome=No
  Checking: Will Russia enter Lyman by November 30? (end 2025-11-30)
    → UPDATED: resolved=1, winning_outcome=No
  Checking: Russia x Ukraine ceasefire by November 30? (end 2025-11-30)
    → UPDATED: resolved=1, winning_outcome=No
  Checking: Will Trump talk to Volodymyr Zelenskyy in November? (end 2025-11-30)
    → UPDATED: resolved=1, winning_outcome=No
  Checking: Will Trump meet with Putin by November 30? (end 2025-11-30)
    → UPDATED: resolved=1, winning_outcome=No
  Checking: US x Venezuela military engagement by November 30? (end 2025-11-30)
    → UPDATED: resolved=1, winning_outcome=No
  Checking: Will Russia recapture territory in Kucheriv Yar by November 30? (end 2025-11-30)
    → UPDATED: resolved=1, winning_outcome=No
  Checking: US x Venezuela military engagement by December 15? (end 2025-11-30)
    → UPDATED: resolved=1, winning_outcome=No
  Checking: US x Venezuela military engagement by November 21? (end 2025-11-21)
    → UPDATED: resolved=1, winning_outcome=No
  Checking: US x Venezuela military engagement by November 14? (end 2025-11-14)
    → UPDATED: resolved=1, winning_outcome=No
  Checking: Will Heather Humphreys win the Irish Presidential Election? (end 2025-11-11)
    → UPDATED: resolved=1, winning_outcome=No
  Checking: Macron out by October 31, 2025? (end 2025-10-31)
    → UPDATED: resolved=1, winning_outcome=No
  Checking: Israel strikes Iran by October 31? (end 2025-10-31)
    → UPDATED: resolved=1, winning_outcome=No
  Checking: Will Russia capture Uspenivka by November 30? (end 2025-10-31)
    → UPDATED: resolved=1, winning_outcome=Yes
  Checking: Next French Prime Minister appointed by October 17? (end 2025-10-31)
    → UPDATED: resolved=1, winning_outcome=Yes
  Checking: US x Venezuela military engagement by October 27? (end 2025-10-31)
    → UPDATED: resolved=1, winning_outcome=No
  Checking: Will Russia capture Velykomykhailivka by October 31? (end 2025-10-31)
    → UPDATED: resolved=1, winning_outcome=No
  Checking: Will Trump send Tomahawk to Ukraine by October 31? (end 2025-10-31)
    → UPDATED: resolved=1, winning_outcome=No
  Checking: Next French Prime Minister appointed by October 10? (end 2025-10-31)
    → UPDATED: resolved=1, winning_outcome=Yes
  Checking: Will Russia capture Yampil' by November 30? (end 2025-10-31)
    → UPDATED: resolved=1, winning_outcome=Yes
  Checking: Will Russia capture Dovha Balka by October 31? (end 2025-10-31)
    → UPDATED: resolved=1, winning_outcome=No
  Checking: Will the Conservatives win more than 210 seats in the next Canadian El (end 2025-10-20)
    → UPDATED: resolved=1, winning_outcome=No
  Checking: US strikes Iran by October 31? (end 2025-10-03)
    → UPDATED: resolved=1, winning_outcome=No
  Checking: Trump strikes another drug boat by Sep 30? (end 2025-09-30)
    → UPDATED: resolved=1, winning_outcome=Yes
  Checking: Will Přísaha win the most seats in the next Czech parliamentary electi (end 2025-09-30)
    → UPDATED: resolved=1, winning_outcome=No
  Checking: Will Russia capture Pokrovsk train station by September 30? (end 2025-09-30)
    → UPDATED: resolved=1, winning_outcome=No
  Checking: Will Zelenskyy and Putin not meet? (end 2025-09-30)
    → UPDATED: resolved=1, winning_outcome=Yes
  Checking: Will Russia capture all of Pokrovsk by December 31? (end 2025-09-30)
    → UPDATED: resolved=1, winning_outcome=No
  Checking: Will Russia capture Ivanopillya by September 30? (end 2025-09-30)
    → UPDATED: resolved=1, winning_outcome=No
  Checking: Will Russia capture Stepanivka by September 30? (end 2025-09-30)
    → UPDATED: resolved=1, winning_outcome=No
  Checking: Will Zelenskyy and Putin meet next in Hungary? (end 2025-09-30)
    → UPDATED: resolved=1, winning_outcome=No
  Checking: Will Putin meet with Trump by September 30? (end 2025-09-30)
    → UPDATED: resolved=1, winning_outcome=Yes
  Checking: Will Russia capture all of Pokrovsk by November 14? (end 2025-09-30)
    → UPDATED: resolved=1, winning_outcome=No
  Checking: Russia announces air truce by September 30? (end 2025-09-30)
    → UPDATED: resolved=1, winning_outcome=No
  Checking: Will Trump and Putin meet next in US? (end 2025-09-30)
    → UPDATED: resolved=1, winning_outcome=Yes
  Checking: Will Zelenskyy and Putin meet next in Turkey? (end 2025-09-30)
    → UPDATED: resolved=1, winning_outcome=No
  Checking: Will Russia capture Rodynske by October 31? (end 2025-09-15)
    → UPDATED: resolved=1, winning_outcome=No
  Checking: Will Russia capture Rodynske by September 15? (end 2025-09-15)
    → UPDATED: resolved=1, winning_outcome=No
  Checking: Which Bloc Wins most seats in Norway election? (end 2025-09-08)
    → UPDATED: resolved=1, winning_outcome=Yes
  Checking: Will Trump talk to Vladimir Putin in August? (end 2025-08-31)
    → UPDATED: resolved=1, winning_outcome=Yes
  Checking: Will Russia capture Rodynske by August 31? (end 2025-08-31)
    → UPDATED: resolved=1, winning_outcome=No
  Checking: Will Trump meet with Crown Prince Mohammed bin Salman in August? (end 2025-08-31)
    → UPDATED: resolved=1, winning_outcome=No
  Checking: Will Russia capture Novopavlivka by August 31? (end 2025-08-31)
    → UPDATED: resolved=1, winning_outcome=No
  Checking: Will Russia capture Kostyantynivka by September 30? (end 2025-08-31)
    → UPDATED: resolved=1, winning_outcome=No
  Checking: Russia x Ukraine ceasefire by August 31? (end 2025-08-31)
    → UPDATED: resolved=1, winning_outcome=No
  Checking: Russia announces air truce by August 31? (end 2025-08-31)
    → UPDATED: resolved=1, winning_outcome=No
  Checking: Will Russia capture Yunakivka before August? (end 2025-08-01)
    → UPDATED: resolved=1, winning_outcome=No
  Checking: US recognizes Reza Pahlavi as leader of Iran before August? (end 2025-07-31)
    → UPDATED: resolved=1, winning_outcome=No
  Checking: US-Iran nuclear deal before August? (end 2025-07-31)
    → UPDATED: resolved=1, winning_outcome=No
  Checking: Will Russia capture Khotin before August? (end 2025-07-31)
    → UPDATED: resolved=1, winning_outcome=No
  Checking: Israel strikes Iranian oil in June? (end 2025-06-30)
    → UPDATED: resolved=1, winning_outcome=Yes
  Checking: US-Iran nuclear deal before July? (end 2025-06-30)
    → UPDATED: resolved=1, winning_outcome=No
  Checking: Will Putin meet with Trump before July? (end 2025-06-30)
    → UPDATED: resolved=1, winning_outcome=No
  Checking: Will Ukraine agree to pay back U.S. aid before July? (end 2025-06-30)
    → UPDATED: resolved=1, winning_outcome=Yes
  Checking: Will Russia capture Udachne before July? (end 2025-06-30)
    → UPDATED: resolved=1, winning_outcome=No
  Checking: Israel military action against Iran before July? (end 2025-06-30)
    → UPDATED: resolved=1, winning_outcome=Yes
  Checking: Will Russia capture Pokrovsk by December 31? (end 2025-06-30)
    → UPDATED: resolved=1, winning_outcome=Yes
  Checking: Trump, Putin, and Zelensky seen together before July? (end 2025-06-30)
    → UPDATED: resolved=1, winning_outcome=No
  Checking: Will the Iranian regime fall before July? (end 2025-06-30)
    → UPDATED: resolved=1, winning_outcome=No
  Checking: Another U.S. strike on Fordow nuclear facility before July? (end 2025-06-30)
    → UPDATED: resolved=1, winning_outcome=No
  Checking: Trump x Zelenskyy talk before July? (end 2025-06-30)
    → UPDATED: resolved=1, winning_outcome=Yes
  Checking: Will the US officially declare war on Iran before July? (end 2025-06-30)
    → UPDATED: resolved=1, winning_outcome=No
  Checking: Will Russia capture Khotin before July? (end 2025-06-30)
    → UPDATED: resolved=1, winning_outcome=No
  Checking: Fordow nuclear facility destroyed before July? (end 2025-06-30)
    → UPDATED: resolved=1, winning_outcome=Yes
  Checking: Israel strike on Iran on June 24? (end 2025-06-25)
    → UPDATED: resolved=1, winning_outcome=Yes
  Checking: Will Andrew Cuomo win Staten Island in the New York City Mayoral Democ (end 2025-06-24)
    → UPDATED: resolved=1, winning_outcome=Yes
  Checking: Another US military action against Iran by Monday? (end 2025-06-23)
    → UPDATED: resolved=1, winning_outcome=No
  Checking: US military action against Iran by Friday? (end 2025-06-20)
    → UPDATED: resolved=1, winning_outcome=No
  Checking: Iran strike on Israel by Friday? (end 2025-06-13)
    → UPDATED: resolved=1, winning_outcome=Yes
  Checking: Trump and Elon publicly reconcile by Friday? (end 2025-06-13)
    → UPDATED: resolved=1, winning_outcome=No
  Checking: Will Lee Jae-myung win between 49% and 51% of the vote in the South Ko (end 2025-06-03)
    → UPDATED: resolved=1, winning_outcome=Yes
  Checking: Will the U.S. tariff rate on China be between 75% and 100% on May 31? (end 2025-05-31)
    → UPDATED: resolved=1, winning_outcome=No
  Checking: Trump exits Russia x Ukraine negotiations before June?  (end 2025-05-31)
    → UPDATED: resolved=1, winning_outcome=No
  Checking: Will Jennifer Geerlings-Simons be the next president of Suriname after (end 2025-05-31)
    → UPDATED: resolved=1, winning_outcome=Yes
  Checking: Will Putin meet with Zelenskyy by Friday? (end 2025-05-16)
    → UPDATED: resolved=1, winning_outcome=No
  Checking: Ukraine lowers conscription age before May 9? (end 2025-05-09)
    → UPDATED: resolved=1, winning_outcome=No
  Checking: Pakistan military strike on India by Friday? (end 2025-05-09)
    → UPDATED: resolved=1, winning_outcome=Yes
  Checking: Trump x Ukraine mineral deal signed before May? (end 2025-04-30)
    → UPDATED: resolved=1, winning_outcome=Yes
  Checking: Will Trump lower tariffs on China in April?  (end 2025-04-30)
    → UPDATED: resolved=1, winning_outcome=Yes
  Checking: U.S. announces resumption of direct flights to Russia before May? (end 2025-04-30)
    → UPDATED: resolved=1, winning_outcome=No
  Checking: Yoon out as president of South Korea before April? (end 2025-03-31)
    → UPDATED: resolved=1, winning_outcome=No
  Checking: Energy infrastructure ceasefire in Ukraine in March?  (end 2025-03-31)
    → UPDATED: resolved=1, winning_outcome=Yes
  Checking: Trump meets with Zelenskyy in March? (end 2025-03-31)
    → UPDATED: resolved=1, winning_outcome=No
  Checking: Trump ends all military aid to Ukraine before April? (end 2025-03-31)
    → UPDATED: resolved=1, winning_outcome=No
  Checking: Will an EU nation recognize Syrian government by March 31? (end 2025-03-31)
    → UPDATED: resolved=1, winning_outcome=Yes
  Checking: Will Zelenskyy apologize to Trump by Friday? (end 2025-03-07)
    → UPDATED: resolved=1, winning_outcome=No
  Checking: Israel x Hamas ceasefire cancelled before March? (end 2025-02-28)
    → UPDATED: resolved=1, winning_outcome=No
  Checking: Will Biden pardon Fauci? (end 2025-01-20)
    → UPDATED: resolved=1, winning_outcome=Yes
  Checking: Will Biden pardon SBF? (end 2025-01-20)
    → UPDATED: resolved=1, winning_outcome=No
  Checking: Next Israel x Hamas ceasefire in December? (end 2024-12-31)
    → UPDATED: resolved=1, winning_outcome=No
  Checking: Israel x Hamas ceasefire in 2024? (end 2024-12-31)
    → UPDATED: resolved=1, winning_outcome=No
  Checking: Macron impeached in 2024? (end 2024-12-31)
    → UPDATED: resolved=1, winning_outcome=No
  Checking: Will a candidate from another party win Utah Governor Election? (end 2024-11-05)
    → UPDATED: resolved=1, winning_outcome=No
  Checking: Will a candidate from another party win Texas US Senate Election? (end 2024-11-05)
    → UPDATED: resolved=1, winning_outcome=No
  Checking: Will a candidate from another party win Ohio US Senate Election? (end 2024-11-05)
    → UPDATED: resolved=1, winning_outcome=No
  Checking: 2024 Balance of Power: R Prez, D Senate, R House (end 2024-11-05)
    → UPDATED: resolved=1, winning_outcome=No
  Checking: 2024 Balance of Power: R Prez, D Senate, D House (end 2024-11-05)
    → UPDATED: resolved=1, winning_outcome=No
  Checking: Will a candidate from another party win Florida US Senate Election? (end 2024-11-05)
    → UPDATED: resolved=1, winning_outcome=No
  Checking: Will a candidate from another party win Rhode Island US Senate Electio (end 2024-11-05)
    → UPDATED: resolved=1, winning_outcome=No
  Checking: Will a candidate from another party win Nebraska's 2nd congressional d (end 2024-11-05)
    → UPDATED: resolved=1, winning_outcome=No
  Checking: Will Robert F. Kennedy Jr. be the Democratic Presidential Nominee? (end 2024-08-22)
    → UPDATED: resolved=1, winning_outcome=No
[LEGEND] 8 market(s) with >= 2 LEGENDARY traders
[LEGEND] Skipped 7 market(s) with stale Gamma default price (0.510–0.520)

======================================================================
  LEGENDARY POSITIONS SCAN — 2026-06-15 07:36 UTC
  Filters: min_traders=2, min_gap=15.0pt
  Markets shown: 0  (skipped no-price: 0, stale-price: 7, overdue: 0)
======================================================================
  No markets meet the filter criteria.
======================================================================

[LEGEND] Computing Signal Credibility Scores for 0 market(s)...
[LEGEND] Output → /home/parison/trading-swarm/brain/agent-outputs/positions-scan/2026-06-15-positions-scan.json
[LEGEND] Done — 8 scanned, 0 in report → /home/parison/trading-swarm/brain/agent-outputs/positions-scan/2026-06-15-positions-scan.json
